[20:44:52.877] [INFO   ] thread bguspl.set.Main.main() starting.
[20:44:52.878] [SEVERE ] cannot read configuration file config.properties trying from resources.
[20:44:52.879] [SEVERE ] configuration file was loaded from resources directory.
[20:44:53.304] [INFO   ] thread dealer starting.
[20:44:53.305] [INFO   ] thread dealer starting.
[20:44:53.305] [INFO   ] thread Player's ID: 0 starting.
[20:44:53.305] [INFO   ] thread Player's ID: 1 starting.
[20:44:53.306] [INFO   ] thread Player's ID: 0 starting.
[20:44:53.306] [INFO   ] thread Player's ID: 1 starting.
[20:44:53.415] [SEVERE ] placing card 37 in slot 11
[20:44:53.527] [SEVERE ] placing card 22 in slot 9
[20:44:53.637] [SEVERE ] placing card 1 in slot 5
[20:44:53.745] [SEVERE ] placing card 30 in slot 7
[20:44:53.852] [SEVERE ] placing card 7 in slot 4
[20:44:53.960] [SEVERE ] placing card 0 in slot 6
[20:44:54.068] [SEVERE ] placing card 42 in slot 8
[20:44:54.176] [SEVERE ] placing card 74 in slot 3
[20:44:54.286] [SEVERE ] placing card 69 in slot 10
[20:44:54.396] [SEVERE ] placing card 41 in slot 2
[20:44:54.505] [SEVERE ] placing card 40 in slot 0
[20:44:54.615] [SEVERE ] placing card 75 in slot 1
[20:45:00.316] [SEVERE ] key 65 was pressed by player 1
[20:45:00.342] [SEVERE ] key 83 was pressed by player 1
[20:45:00.402] [SEVERE ] key 68 was pressed by player 1
[20:45:00.609] [SEVERE ] key 65 was pressed by player 1
[20:45:00.621] [SEVERE ] key 83 was pressed by player 1
[20:45:00.683] [SEVERE ] key 68 was pressed by player 1
[20:45:00.834] [SEVERE ] key 65 was pressed by player 1
[20:45:00.834] [SEVERE ] key 83 was pressed by player 1
[20:45:01.034] [SEVERE ] key 87 was pressed by player 1
[20:45:01.034] [SEVERE ] key 69 was pressed by player 1
[20:45:01.461] [SEVERE ] key 88 was pressed by player 1
[20:45:01.686] [SEVERE ] key 74 was pressed by player 2
[20:45:01.687] [SEVERE ] key 75 was pressed by player 2
[20:45:01.767] [SEVERE ] key 59 was pressed by player 2
[20:45:01.897] [SEVERE ] key 85 was pressed by player 2
[20:45:01.986] [SEVERE ] key 76 was pressed by player 2
[20:45:03.045] [SEVERE ] exit button pressed
