[21:04:47.088] [INFO   ] thread bguspl.set.Main.main() starting.
[21:04:47.092] [SEVERE ] cannot read configuration file config.properties trying from resources.
[21:04:47.093] [SEVERE ] configuration file was loaded from resources directory.
[21:04:47.587] [INFO   ] thread dealer starting.
[21:04:47.587] [INFO   ] thread dealer starting.
[21:04:47.587] [INFO   ] thread Player's ID: 0 starting.
[21:04:47.588] [INFO   ] thread Player's ID: 1 starting.
[21:04:47.588] [INFO   ] thread Player's ID: 0 starting.
[21:04:47.588] [INFO   ] thread Player's ID: 1 starting.
[21:04:47.707] [SEVERE ] placing card 33 in slot 11
[21:04:47.816] [SEVERE ] placing card 23 in slot 5
[21:04:47.925] [SEVERE ] placing card 30 in slot 4
[21:04:48.034] [SEVERE ] placing card 70 in slot 6
[21:04:48.143] [SEVERE ] placing card 1 in slot 7
[21:04:48.252] [SEVERE ] placing card 26 in slot 1
[21:04:48.361] [SEVERE ] placing card 56 in slot 3
[21:04:48.470] [SEVERE ] placing card 55 in slot 8
[21:04:48.580] [SEVERE ] placing card 59 in slot 10
[21:04:48.690] [SEVERE ] placing card 40 in slot 2
[21:04:48.799] [SEVERE ] placing card 75 in slot 0
[21:04:48.908] [SEVERE ] placing card 46 in slot 9
[00:33:56.852] [SEVERE ] key 65 was pressed by player 1
[00:33:56.859] [SEVERE ] key 83 was pressed by player 1
[00:33:56.920] [SEVERE ] key 68 was pressed by player 1
[00:33:57.060] [SEVERE ] key 65 was pressed by player 1
[00:33:57.061] [SEVERE ] key 83 was pressed by player 1
[00:33:57.132] [SEVERE ] key 68 was pressed by player 1
[00:33:58.463] [SEVERE ] exit button pressed
